=== SLM_CLI_TAB DETAIL (WKY1C7VD00008P2) ===
Waiting 12s for a completed cycle...
  CFM Proactive Synthetic Loss Measurement Session: SLM_CLI_TAB (Detailed)
  Test Session: SLM_CLI_TAB, Session ID: 2
  Description: Synthetic Loss measurement between MEP 2 and MEP 1
  Admin state: enabled, Profile: SLM_PROF_CLI
  Inform Test Results: enabled
  Maintenance Domain: MD-CUST, Maintenance Association: MA-CUST, MEP-ID: 2
  Source Interface: ge400-0/0/24.100, Source MAC: 84:40:76:90:cd:0c
  Target: N/A (MEP-ID 1)
  PCP: 5
  Count: 5 probes, Interval: 1 second, Timeout: 2 seconds
  Overall test duration: 5 seconds, Repeat Interval: 10 seconds
  Uptime: 1 day, 4:41:16
  Historical Test Results (Last 10):
  | Index   | Start Time                | End Time                  | Status     |
  |---------+---------------------------+---------------------------+------------|
  | 10976   | 2026-02-26 06:18:04 +0000 | 2026-02-26 06:18:10 +0000 | valid      |
  | 10977   | 2026-02-26 06:18:14 +0000 | 2026-02-26 06:18:20 +0000 | valid      |
  | 10978   | 2026-02-26 06:18:24 +0000 | 2026-02-26 06:18:30 +0000 | valid      |
  | 10979   | 2026-02-26 06:18:34 +0000 | 2026-02-26 06:18:40 +0000 | valid      |
  | 10980   | 2026-02-26 06:18:44 +0000 | 2026-02-26 06:18:50 +0000 | valid      |
  | 10981   | 2026-02-26 06:18:54 +0000 | 2026-02-26 06:19:00 +0000 | valid      |
  | 10982   | 2026-02-26 06:19:04 +0000 | 2026-02-26 06:19:10 +0000 | valid      |
  | 10983   | 2026-02-26 06:19:14 +0000 | 2026-02-26 06:19:20 +0000 | valid      |
  | 10984   | 2026-02-26 06:19:24 +0000 | 2026-02-26 06:19:30 +0000 | valid      |
  | 10985   | 2026-02-26 06:19:34 +0000 |                           | incomplete |
  Latest Test Results (Index 10985):
  Start time: 2026-02-26 06:19:34 +0000
  End time:
  Measurement validity:     incomplete
  SLM PDUs transmitted:     4
  SLR PDUs received:        3
  Remote SLM PDUs received: 3
  Unacknowledged SLR PDUs:  1
  Frame loss statistics:
  Near-end loss count: 0
  Near-end loss percentage: 0%
  Far-end loss count: 1
  Far-end loss percentage: 25.0%
  Flow counters:
  Local TXFCl: 3
  Local RXFCl: 3
  Last SLR TXFCf: 2
  Last SLR TXFCb: 54953
  NCP3-CFM-nog#

=== DM_CLI_TAB DETAIL (check for invalid entries) ===
  CFM Proactive Two-Way Delay Measurement Session: DM_CLI_TAB (Detailed)
  Test Session: DM_CLI_TAB, Session ID: 12
  Description: Two-Way Delay measurement between MEP 2 and MEP 1
  Admin state: enabled, Profile: test
  Inform Test Results: enabled
  Maintenance Domain: MD-CUST, Maintenance Association: MA-CUST, MEP-ID: 2
  Source Interface: ge400-0/0/24.100, Source MAC: 84:40:76:90:cd:0c
  Target: N/A (MEP-ID 1)
  PCP: N/A
  Count: 60 probes, Interval: 1 second, Timeout: 2 seconds
  Overall test duration: 60 seconds, Repeat Interval: 60 seconds
  Uptime: 0 days, 0:14:51
  Historical Test Results (Last 10):
  | Index   | Start Time                | End Time                  | Status     |
  |---------+---------------------------+---------------------------+------------|
  | 2702    | 2026-02-26 06:08:24 +0000 | 2026-02-26 06:09:26 +0000 | valid      |
  | 2703    | 2026-02-26 06:09:34 +0000 | 2026-02-26 06:10:36 +0000 | valid      |
  | 2704    | 2026-02-26 06:10:44 +0000 | 2026-02-26 06:11:46 +0000 | valid      |
  | 2705    | 2026-02-26 06:11:54 +0000 | 2026-02-26 06:12:56 +0000 | valid      |
  | 2706    | 2026-02-26 06:13:04 +0000 | 2026-02-26 06:14:06 +0000 | valid      |
  | 2707    | 2026-02-26 06:14:14 +0000 | 2026-02-26 06:15:16 +0000 | valid      |
  | 2708    | 2026-02-26 06:15:24 +0000 | 2026-02-26 06:16:26 +0000 | valid      |
  | 2709    | 2026-02-26 06:16:34 +0000 | 2026-02-26 06:17:36 +0000 | valid      |
  | 2711    | 2026-02-26 06:17:44 +0000 | 2026-02-26 06:18:46 +0000 | valid      |
  | 2716    | 2026-02-26 06:18:54 +0000 |                           | incomplete |
  Latest Test Results (Index 2716):
  Start time: 2026-02-26 06:18:54 +0000
  End time:
  Measurement validity: incomplete
  DMM PDUs transmitted: 47
  DMR PDUs received:    47
  Success rate:         100.0%
  Round-trip delay statistics (microseconds):
  Minimum: 13 usec, Maximum: 13 usec, Average: 13 usec
  Last delay: 13 usec
  Delay variation statistics (microseconds):
  IFDV Average: 0 usec, IFDV Maximum: 0 usec
  Last jitter: 0 usec
  NCP3-CFM-nog#
DONE
