
### show interfaces bundle-10 | no-more ###
show interfaces bundle-10 | no-more

Interface bundle-10
	SNMP ifindex: 12289, Network-Service: VRF (test)
	Admin state: enabled, Operational state: up, Uptime: 0 days, 1:34:37
	State transitions: 0, Last cleared: 0 days, 1:34:38
	Description: 
	MAC Address: 84:40:76:5f:3d:35
	Speed: 400Gbps, Duplex: FULL, Bundle-id: N/A
	Min-links: 1, Min-bandwidth: 0 kbps, Mixed-type: none
	Max-links: 64 (non-revertive)
	MPLS: disabled
	L2 MTU: 1514, MPLS MTU: 1500, IPv4 MTU: 1500, IPv6 MTU: 1500 (Hardware MTU: 9300)
	MRU: 9600, L2 Frame Size Max: 1522
	IPv4 Address: 20.0.0.1/24
	Secondary IPv4 addresses: N/A
	IPv6 Admin state: enabled, IPv6 link-local address: N/A, Status: N/A
	IPv6 global unicast address(es): N/A
	ARP Timeout: 3600 seconds
	NDP Timeout: 3600 seconds
	NDP Router-advertisement
		Prefix-advertisement: disabled
	Encapsulation: ethernet
	L2 originated VLAN tags: N/A
	Access-list IPv4: In: N/A, Out: egress-bfd
	Access-list IPv6: In: N/A, Out: N/A
	Access-list Eth: In: N/A, Out: N/A
	uRPF IPv4 check: disabled
	uRPF IPv6 check: enabled, Mode: loose, Allow-default: disabled
	Priority Flow Control: disabled
		Deadlock: disabled, Deadlock occurrences: 0
			Flap suppression:
				Status: TC0: N/A, TC1: N/A, TC2: N/A, TC3: N/A, TC4: N/A, TC5: N/A, TC6: N/A, TC7: N/A
	L2-service state: disabled
	Flowspec: disabled
	Reason for last down state: N/A
	Number of configured members: 1
	Members Information:
| Interface    | Member State   | LACP Port State   | LACP Port Id    | LACP Period     | uBFD State   | EFM State   | BER State   |
|              |                | actor/partner     | actor/partner   | actor/partner   |              |             |             |
|--------------+----------------+-------------------+-----------------+-----------------+--------------+-------------+-------------|
| ge400-0/0/11 | active         |                   |                 |                 |              |             | N/A         |

NCP3-nog# 

### show interfaces bundle-20 | no-more ###
show interfaces bundle-20 | no-more

Interface bundle-20
	SNMP ifindex: 12290, Network-Service: VRF (test)
	Admin state: enabled, Operational state: up, Uptime: 0 days, 1:34:41
	State transitions: 0, Last cleared: 0 days, 1:34:43
	Description: 
	MAC Address: 84:40:76:71:dd:42
	Speed: 400Gbps, Duplex: FULL, Bundle-id: N/A
	Min-links: 1, Min-bandwidth: 0 kbps, Mixed-type: none
	Max-links: 64 (non-revertive)
	MPLS: disabled
	L2 MTU: 1514, MPLS MTU: 1500, IPv4 MTU: 1500, IPv6 MTU: 1500 (Hardware MTU: 9300)
	MRU: 9600, L2 Frame Size Max: 1522
	IPv4 Address: 20.0.1.1/24
	Secondary IPv4 addresses: N/A
	IPv6 Admin state: enabled, IPv6 link-local address: N/A, Status: N/A
	IPv6 global unicast address(es): N/A
	ARP Timeout: 3600 seconds
	NDP Timeout: 3600 seconds
	NDP Router-advertisement
		Prefix-advertisement: disabled
	Encapsulation: ethernet
	L2 originated VLAN tags: N/A
	Access-list IPv4: In: N/A, Out: N/A
	Access-list IPv6: In: N/A, Out: N/A
	Access-list Eth: In: N/A, Out: N/A
	uRPF IPv4 check: enabled, Mode: loose, Allow-default: enabled
	uRPF IPv6 check: disabled
	Priority Flow Control: disabled
		Deadlock: disabled, Deadlock occurrences: 0
			Flap suppression:
				Status: TC0: N/A, TC1: N/A, TC2: N/A, TC3: N/A, TC4: N/A, TC5: N/A, TC6: N/A, TC7: N/A
	L2-service state: disabled
	Flowspec: disabled
	Reason for last down state: N/A
	Number of configured members: 1
	Members Information:
| Interface    | Member State   | LACP Port State   | LACP Port Id    | LACP Period     | uBFD State   | EFM State   | BER State   |
|              |                | actor/partner     | actor/partner   | actor/partner   |              |             |             |
|--------------+----------------+-------------------+-----------------+-----------------+--------------+-------------+-------------|
| ge400-0/0/12 | active         |                   |                 |                 |              |             | N/A         |

NCP3-nog# 

### show interfaces ge400-0/0/11 | no-more ###
show interfaces ge400-0/0/11 | no-more

Interface ge400-0/0/11
	SNMP ifindex: 3, Network-Service: VRF (default)
	Admin state: enabled, Physical link state: up, Operational state: up, Uptime: 0 days, 1:34:44
	State transitions: 0, Last cleared: 0 days, 1:34:47
	Description: 
	MAC Address: 84:40:76:5f:3d:35 (HW: e8:c5:7a:d6:30:58)
	Speed: 400Gbps, Duplex: FULL, Bundle-id: 10
	Port-priority: 32768
	Port-number: 12
	MPLS: disabled
	L2 MTU: 1514, MPLS MTU: 1500, IPv4 MTU: 1500, IPv6 MTU: 1500 (Hardware MTU: N/A)
	MRU: 9600, L2 Frame Size Max: 1522
	IPv4 Address: N/A
	Secondary IPv4 addresses: N/A
	IPv6 Admin state: enabled, IPv6 link-local address: N/A, Status: N/A
	IPv6 global unicast address(es): N/A
	ARP Timeout: 3600 seconds
	NDP Timeout: 3600 seconds
	NDP Router-advertisement
		Prefix-advertisement: disabled
	Encapsulation: ethernet
	L2 originated VLAN tags: N/A
	Access-list IPv4: In: N/A, Out: N/A
	Access-list IPv6: In: N/A, Out: N/A
	Access-list Eth: In: N/A, Out: N/A
	uRPF IPv4 check: disabled
	uRPF IPv6 check: disabled
	Priority Flow Control: disabled
		Deadlock: disabled, Deadlock occurrences: 0
			Flap suppression:
				Status: TC0: N/A, TC1: N/A, TC2: N/A, TC3: N/A, TC4: N/A, TC5: N/A, TC6: N/A, TC7: N/A
	Carrier-delay: up: 0 ms, down: 0 ms, on-startup: 0 seconds (on-startup remaining time: 0 seconds)
	Fast Link Recovery timeout: 0 ms
	FEC: rs-fec-544-514
	LFS: Current Fault: None, Local Faults: 1, Remote Faults: 0
	EFM: Admin state: N/A, Status: N/A
	BER: Current-BER: None, Status: Disabled
		BER-SD: admin-state: disabled, Threshold: 1e-8, Number of Hits: 0
		BER-SF: admin-state: disabled, Threshold: 1e-5, Number of Hits: 0
	Synchronous-Ethernet: non-synchronous
	PTP Admin-state: disabled
	PTP Port State: N/A
	Interface-Dampening: disabled, current penalty counter: 0
		Half-life: 60 seconds, reuse-threshold: 750, suppress-threshold: 2000,
		Penalty: 1000, max-suppress: 300 seconds
	L2-service state: disabled
	Flowspec: disabled
	Reason for last down state: N/A
	Utilization rates (input/output): 0%/0%
	Utilization rate threshold: 100%

NCP3-nog# 

### show interfaces ge400-0/0/12 | no-more ###
show interfaces ge400-0/0/12 | no-more

Interface ge400-0/0/12
	SNMP ifindex: 4, Network-Service: VRF (default)
	Admin state: enabled, Physical link state: up, Operational state: up, Uptime: 0 days, 1:34:49
	State transitions: 0, Last cleared: 0 days, 1:34:52
	Description: 
	MAC Address: 84:40:76:71:dd:42 (HW: e8:c5:7a:d6:30:60)
	Speed: 400Gbps, Duplex: FULL, Bundle-id: 20
	Port-priority: 32768
	Port-number: 13
	MPLS: disabled
	L2 MTU: 1514, MPLS MTU: 1500, IPv4 MTU: 1500, IPv6 MTU: 1500 (Hardware MTU: N/A)
	MRU: 9600, L2 Frame Size Max: 1522
	IPv4 Address: N/A
	Secondary IPv4 addresses: N/A
	IPv6 Admin state: enabled, IPv6 link-local address: N/A, Status: N/A
	IPv6 global unicast address(es): N/A
	ARP Timeout: 3600 seconds
	NDP Timeout: 3600 seconds
	NDP Router-advertisement
		Prefix-advertisement: disabled
	Encapsulation: ethernet
	L2 originated VLAN tags: N/A
	Access-list IPv4: In: N/A, Out: N/A
	Access-list IPv6: In: N/A, Out: N/A
	Access-list Eth: In: N/A, Out: N/A
	uRPF IPv4 check: disabled
	uRPF IPv6 check: disabled
	Priority Flow Control: disabled
		Deadlock: disabled, Deadlock occurrences: 0
			Flap suppression:
				Status: TC0: N/A, TC1: N/A, TC2: N/A, TC3: N/A, TC4: N/A, TC5: N/A, TC6: N/A, TC7: N/A
	Carrier-delay: up: 0 ms, down: 0 ms, on-startup: 0 seconds (on-startup remaining time: 0 seconds)
	Fast Link Recovery timeout: 0 ms
	FEC: rs-fec-544-514
	LFS: Current Fault: None, Local Faults: 1, Remote Faults: 0
	EFM: Admin state: N/A, Status: N/A
	BER: Current-BER: None, Status: Disabled
		BER-SD: admin-state: disabled, Threshold: 1e-8, Number of Hits: 0
		BER-SF: admin-state: disabled, Threshold: 1e-5, Number of Hits: 0
	Synchronous-Ethernet: non-synchronous
	PTP Admin-state: disabled
	PTP Port State: N/A
	Interface-Dampening: disabled, current penalty counter: 0
		Half-life: 60 seconds, reuse-threshold: 750, suppress-threshold: 2000,
		Penalty: 1000, max-suppress: 300 seconds
	L2-service state: disabled
	Flowspec: disabled
	Reason for last down state: N/A
	Utilization rates (input/output): 0%/0%
	Utilization rate threshold: 100%

NCP3-nog# 

### show route 20.0.0.2 | no-more ###
show route 20.0.0.2 | no-more

VRF: default
% Network not in table

NCP3-nog# 

### show route ipv4 | inc 20.0.0 | no-more ###
show route ipv4 | inc 20.0.0 | no-more
---------------------^
ERROR: Unknown word: 'ipv4'.
NCP3-nog# 

### show arp | inc 20.0.0 | no-more ###
show arp | inc 20.0.0 | no-more


NCP3-nog# 

### show lag brief | no-more ###
show lag brief | no-more
---------------^
ERROR: Unknown word: 'lag'.
NCP3-nog# 
